2024-06-19T21:24:16.783+11:00 DEBUG 12616 --- [http-nio-8080-exec-1] o.s.web.servlet.DispatcherServlet        : GET "/api/vk-posts?offset=0&count=10", parameters={masked}
2024-06-19T21:24:16.784+11:00 DEBUG 12616 --- [http-nio-8080-exec-1] s.w.s.m.m.a.RequestMappingHandlerMapping : Mapped to com.korsakov.cityapp.controller.VKController#getVKPosts(int, int)
2024-06-19T21:24:16.787+11:00 DEBUG 12616 --- [http-nio-8080-exec-1] .m.m.a.ExceptionHandlerExceptionResolver : Using @ExceptionHandler com.korsakov.cityapp.exception.GlobalExceptionHandler#handleGlobalException(Exception, WebRequest)
2024-06-19T21:24:16.787+11:00 DEBUG 12616 --- [http-nio-8080-exec-1] o.s.w.s.m.m.a.HttpEntityMethodProcessor  : Using 'application/json', given [application/json, text/plain, */*] and supported [application/json, application/*+json]
2024-06-19T21:24:16.788+11:00 DEBUG 12616 --- [http-nio-8080-exec-1] o.s.w.s.m.m.a.HttpEntityMethodProcessor  : Writing [com.korsakov.cityapp.exception.ErrorDetails@4b982ea0]
2024-06-19T21:24:16.788+11:00 DEBUG 12616 --- [http-nio-8080-exec-1] .m.m.a.ExceptionHandlerExceptionResolver : Resolved [org.springframework.data.redis.serializer.SerializationException: Cannot deserialize]
2024-06-19T21:24:16.789+11:00 DEBUG 12616 --- [http-nio-8080-exec-1] o.s.web.servlet.DispatcherServlet        : Completed 500 INTERNAL_SERVER_ERROR
2024-06-19T21:24:16.791+11:00 DEBUG 12616 --- [http-nio-8080-exec-2] o.s.web.servlet.DispatcherServlet        : GET "/api/vk-posts?offset=0&count=10", parameters={masked}
2024-06-19T21:24:16.791+11:00 DEBUG 12616 --- [http-nio-8080-exec-2] s.w.s.m.m.a.RequestMappingHandlerMapping : Mapped to com.korsakov.cityapp.controller.VKController#getVKPosts(int, int)
2024-06-19T21:24:16.793+11:00 DEBUG 12616 --- [http-nio-8080-exec-2] .m.m.a.ExceptionHandlerExceptionResolver : Using @ExceptionHandler com.korsakov.cityapp.exception.GlobalExceptionHandler#handleGlobalException(Exception, WebRequest)
2024-06-19T21:24:16.794+11:00 DEBUG 12616 --- [http-nio-8080-exec-2] o.s.w.s.m.m.a.HttpEntityMethodProcessor  : Using 'application/json', given [application/json, text/plain, */*] and supported [application/json, application/*+json]
2024-06-19T21:24:16.794+11:00 DEBUG 12616 --- [http-nio-8080-exec-2] o.s.w.s.m.m.a.HttpEntityMethodProcessor  : Writing [com.korsakov.cityapp.exception.ErrorDetails@6c2bdf13]
2024-06-19T21:24:16.795+11:00 DEBUG 12616 --- [http-nio-8080-exec-2] .m.m.a.ExceptionHandlerExceptionResolver : Resolved [org.springframework.data.redis.serializer.SerializationException: Cannot deserialize]
2024-06-19T21:24:16.796+11:00 DEBUG 12616 --- [http-nio-8080-exec-2] o.s.web.servlet.DispatcherServlet        : Completed 500 INTERNAL_SERVER_ERROR
2024-06-19T21:24:58.399+11:00  INFO 12616 --- [SpringApplicationShutdownHook] j.LocalContainerEntityManagerFactoryBean : Closing JPA EntityManagerFactory for persistence unit 'default'
2024-06-19T21:24:58.404+11:00  INFO 12616 --- [SpringApplicationShutdownHook] com.zaxxer.hikari.HikariDataSource       : HikariPool-1 - Shutdown initiated...
2024-06-19T21:24:58.410+11:00  INFO 12616 --- [SpringApplicationShutdownHook] com.zaxxer.hikari.HikariDataSource       : HikariPool-1 - Shutdown completed.
2024-06-19T21:25:01.734+11:00  INFO 4672 --- [main] c.korsakov.cityapp.CityAppApplication    : Starting CityAppApplication using Java 21.0.2 with PID 4672 (C:\Users\Timur\IdeaProjects\cityapp\target\classes started by Timur in C:\Users\Timur\IdeaProjects\cityapp)
2024-06-19T21:25:01.736+11:00  INFO 4672 --- [main] c.korsakov.cityapp.CityAppApplication    : No active profile set, falling back to 1 default profile: "default"
2024-06-19T21:25:02.209+11:00  INFO 4672 --- [main] .s.d.r.c.RepositoryConfigurationDelegate : Multiple Spring Data modules found, entering strict repository configuration mode
2024-06-19T21:25:02.209+11:00  INFO 4672 --- [main] .s.d.r.c.RepositoryConfigurationDelegate : Bootstrapping Spring Data Redis repositories in DEFAULT mode.
2024-06-19T21:25:02.228+11:00  INFO 4672 --- [main] .s.d.r.c.RepositoryConfigurationDelegate : Finished Spring Data repository scanning in 4 ms. Found 0 Redis repository interfaces.
2024-06-19T21:25:02.406+11:00  INFO 4672 --- [main] .s.d.r.c.RepositoryConfigurationDelegate : Multiple Spring Data modules found, entering strict repository configuration mode
2024-06-19T21:25:02.407+11:00  INFO 4672 --- [main] .s.d.r.c.RepositoryConfigurationDelegate : Bootstrapping Spring Data JPA repositories in DEFAULT mode.
2024-06-19T21:25:02.545+11:00  INFO 4672 --- [main] .s.d.r.c.RepositoryConfigurationDelegate : Finished Spring Data repository scanning in 136 ms. Found 6 JPA repository interfaces.
2024-06-19T21:25:02.555+11:00  INFO 4672 --- [main] .s.d.r.c.RepositoryConfigurationDelegate : Multiple Spring Data modules found, entering strict repository configuration mode
2024-06-19T21:25:02.556+11:00  INFO 4672 --- [main] .s.d.r.c.RepositoryConfigurationDelegate : Bootstrapping Spring Data Redis repositories in DEFAULT mode.
2024-06-19T21:25:02.561+11:00  INFO 4672 --- [main] .RepositoryConfigurationExtensionSupport : Spring Data Redis - Could not safely identify store assignment for repository candidate interface com.korsakov.cityapp.repository.EcologyRepository; If you want this repository to be a Redis repository, consider annotating your entities with one of these annotations: org.springframework.data.redis.core.RedisHash (preferred), or consider extending one of the following types with your repository: org.springframework.data.keyvalue.repository.KeyValueRepository
2024-06-19T21:25:02.562+11:00  INFO 4672 --- [main] .RepositoryConfigurationExtensionSupport : Spring Data Redis - Could not safely identify store assignment for repository candidate interface com.korsakov.cityapp.repository.EventRepository; If you want this repository to be a Redis repository, consider annotating your entities with one of these annotations: org.springframework.data.redis.core.RedisHash (preferred), or consider extending one of the following types with your repository: org.springframework.data.keyvalue.repository.KeyValueRepository
2024-06-19T21:25:02.562+11:00  INFO 4672 --- [main] .RepositoryConfigurationExtensionSupport : Spring Data Redis - Could not safely identify store assignment for repository candidate interface com.korsakov.cityapp.repository.NewsRepository; If you want this repository to be a Redis repository, consider annotating your entities with one of these annotations: org.springframework.data.redis.core.RedisHash (preferred), or consider extending one of the following types with your repository: org.springframework.data.keyvalue.repository.KeyValueRepository
2024-06-19T21:25:02.563+11:00  INFO 4672 --- [main] .RepositoryConfigurationExtensionSupport : Spring Data Redis - Could not safely identify store assignment for repository candidate interface com.korsakov.cityapp.repository.TransportRepository; If you want this repository to be a Redis repository, consider annotating your entities with one of these annotations: org.springframework.data.redis.core.RedisHash (preferred), or consider extending one of the following types with your repository: org.springframework.data.keyvalue.repository.KeyValueRepository
2024-06-19T21:25:02.564+11:00  INFO 4672 --- [main] .RepositoryConfigurationExtensionSupport : Spring Data Redis - Could not safely identify store assignment for repository candidate interface com.korsakov.cityapp.repository.UserRepository; If you want this repository to be a Redis repository, consider annotating your entities with one of these annotations: org.springframework.data.redis.core.RedisHash (preferred), or consider extending one of the following types with your repository: org.springframework.data.keyvalue.repository.KeyValueRepository
2024-06-19T21:25:02.564+11:00  INFO 4672 --- [main] .RepositoryConfigurationExtensionSupport : Spring Data Redis - Could not safely identify store assignment for repository candidate interface com.korsakov.cityapp.repository.VolunteeringRepository; If you want this repository to be a Redis repository, consider annotating your entities with one of these annotations: org.springframework.data.redis.core.RedisHash (preferred), or consider extending one of the following types with your repository: org.springframework.data.keyvalue.repository.KeyValueRepository
2024-06-19T21:25:02.565+11:00  INFO 4672 --- [main] .s.d.r.c.RepositoryConfigurationDelegate : Finished Spring Data repository scanning in 8 ms. Found 0 Redis repository interfaces.
2024-06-19T21:25:03.075+11:00  INFO 4672 --- [main] o.s.b.w.embedded.tomcat.TomcatWebServer  : Tomcat initialized with port 8080 (http)
2024-06-19T21:25:03.086+11:00  INFO 4672 --- [main] o.apache.catalina.core.StandardService   : Starting service [Tomcat]
2024-06-19T21:25:03.086+11:00  INFO 4672 --- [main] o.apache.catalina.core.StandardEngine    : Starting Servlet engine: [Apache Tomcat/10.1.24]
2024-06-19T21:25:03.131+11:00  INFO 4672 --- [main] o.a.c.c.C.[Tomcat].[localhost].[/]       : Initializing Spring embedded WebApplicationContext
2024-06-19T21:25:03.131+11:00  INFO 4672 --- [main] w.s.c.ServletWebServerApplicationContext : Root WebApplicationContext: initialization completed in 1352 ms
2024-06-19T21:25:03.274+11:00  INFO 4672 --- [main] o.hibernate.jpa.internal.util.LogHelper  : HHH000204: Processing PersistenceUnitInfo [name: default]
2024-06-19T21:25:03.325+11:00  INFO 4672 --- [main] org.hibernate.Version                    : HHH000412: Hibernate ORM core version 6.5.2.Final
2024-06-19T21:25:03.352+11:00  INFO 4672 --- [main] o.h.c.internal.RegionFactoryInitiator    : HHH000026: Second-level cache disabled
2024-06-19T21:25:03.625+11:00  INFO 4672 --- [main] o.s.o.j.p.SpringPersistenceUnitInfo      : No LoadTimeWeaver setup: ignoring JPA class transformer
2024-06-19T21:25:03.647+11:00  INFO 4672 --- [main] com.zaxxer.hikari.HikariDataSource       : HikariPool-1 - Starting...
2024-06-19T21:25:03.796+11:00  INFO 4672 --- [main] com.zaxxer.hikari.pool.HikariPool        : HikariPool-1 - Added connection org.postgresql.jdbc.PgConnection@47797401
2024-06-19T21:25:03.798+11:00  INFO 4672 --- [main] com.zaxxer.hikari.HikariDataSource       : HikariPool-1 - Start completed.
2024-06-19T21:25:03.834+11:00  WARN 4672 --- [main] org.hibernate.orm.deprecation            : HHH90000025: PostgreSQLDialect does not need to be specified explicitly using 'hibernate.dialect' (remove the property setting and it will be selected by default)
2024-06-19T21:25:04.722+11:00  INFO 4672 --- [main] o.h.e.t.j.p.i.JtaPlatformInitiator       : HHH000489: No JTA platform available (set 'hibernate.transaction.jta.platform' to enable JTA platform integration)
2024-06-19T21:25:04.764+11:00  INFO 4672 --- [main] j.LocalContainerEntityManagerFactoryBean : Initialized JPA EntityManagerFactory for persistence unit 'default'
2024-06-19T21:25:05.372+11:00  WARN 4672 --- [main] JpaBaseConfiguration$JpaWebConfiguration : spring.jpa.open-in-view is enabled by default. Therefore, database queries may be performed during view rendering. Explicitly configure spring.jpa.open-in-view to disable this warning
2024-06-19T21:25:05.459+11:00 DEBUG 4672 --- [main] s.w.s.m.m.a.RequestMappingHandlerMapping : 27 mappings in 'requestMappingHandlerMapping'
2024-06-19T21:25:05.543+11:00 DEBUG 4672 --- [main] o.s.w.s.handler.SimpleUrlHandlerMapping  : Patterns [/webjars/**, /**] in 'resourceHandlerMapping'
2024-06-19T21:25:05.576+11:00 DEBUG 4672 --- [main] s.w.s.m.m.a.RequestMappingHandlerAdapter : ControllerAdvice beans: 0 @ModelAttribute, 0 @InitBinder, 1 RequestBodyAdvice, 1 ResponseBodyAdvice
2024-06-19T21:25:05.610+11:00 DEBUG 4672 --- [main] .m.m.a.ExceptionHandlerExceptionResolver : ControllerAdvice beans: 1 @ExceptionHandler, 1 ResponseBodyAdvice
2024-06-19T21:25:05.772+11:00  INFO 4672 --- [main] o.s.b.w.embedded.tomcat.TomcatWebServer  : Tomcat started on port 8080 (http) with context path '/'
2024-06-19T21:25:05.779+11:00  INFO 4672 --- [main] c.korsakov.cityapp.CityAppApplication    : Started CityAppApplication in 4.434 seconds (process running for 4.972)
2024-06-19T21:25:12.639+11:00  INFO 4672 --- [http-nio-8080-exec-1] o.a.c.c.C.[Tomcat].[localhost].[/]       : Initializing Spring DispatcherServlet 'dispatcherServlet'
2024-06-19T21:25:12.639+11:00  INFO 4672 --- [http-nio-8080-exec-1] o.s.web.servlet.DispatcherServlet        : Initializing Servlet 'dispatcherServlet'
2024-06-19T21:25:12.639+11:00 DEBUG 4672 --- [http-nio-8080-exec-1] o.s.web.servlet.DispatcherServlet        : Detected StandardServletMultipartResolver
2024-06-19T21:25:12.639+11:00 DEBUG 4672 --- [http-nio-8080-exec-1] o.s.web.servlet.DispatcherServlet        : Detected AcceptHeaderLocaleResolver
2024-06-19T21:25:12.639+11:00 DEBUG 4672 --- [http-nio-8080-exec-1] o.s.web.servlet.DispatcherServlet        : Detected FixedThemeResolver
2024-06-19T21:25:12.641+11:00 DEBUG 4672 --- [http-nio-8080-exec-1] o.s.web.servlet.DispatcherServlet        : Detected org.springframework.web.servlet.view.DefaultRequestToViewNameTranslator@3f119b55
2024-06-19T21:25:12.641+11:00 DEBUG 4672 --- [http-nio-8080-exec-1] o.s.web.servlet.DispatcherServlet        : Detected org.springframework.web.servlet.support.SessionFlashMapManager@6f8035d6
2024-06-19T21:25:12.642+11:00 DEBUG 4672 --- [http-nio-8080-exec-1] o.s.web.servlet.DispatcherServlet        : enableLoggingRequestDetails='false': request parameters and headers will be masked to prevent unsafe logging of potentially sensitive data
2024-06-19T21:25:12.642+11:00  INFO 4672 --- [http-nio-8080-exec-1] o.s.web.servlet.DispatcherServlet        : Completed initialization in 3 ms
2024-06-19T21:25:12.651+11:00 DEBUG 4672 --- [http-nio-8080-exec-1] o.s.web.servlet.DispatcherServlet        : GET "/api/vk-posts?offset=0&count=10", parameters={masked}
2024-06-19T21:25:12.659+11:00 DEBUG 4672 --- [http-nio-8080-exec-1] s.w.s.m.m.a.RequestMappingHandlerMapping : Mapped to com.korsakov.cityapp.controller.VKController#getVKPosts(int, int)
2024-06-19T21:25:13.217+11:00 DEBUG 4672 --- [http-nio-8080-exec-1] m.m.a.RequestResponseBodyMethodProcessor : Using 'application/json', given [application/json, text/plain, */*] and supported [application/json, application/*+json]
2024-06-19T21:25:13.218+11:00 DEBUG 4672 --- [http-nio-8080-exec-1] m.m.a.RequestResponseBodyMethodProcessor : Writing [com.korsakov.cityapp.model.VKPostResponse@719967c0]
2024-06-19T21:25:13.237+11:00 DEBUG 4672 --- [http-nio-8080-exec-3] o.s.web.servlet.DispatcherServlet        : GET "/api/vk-posts?offset=0&count=10", parameters={masked}
2024-06-19T21:25:13.238+11:00 DEBUG 4672 --- [http-nio-8080-exec-3] s.w.s.m.m.a.RequestMappingHandlerMapping : Mapped to com.korsakov.cityapp.controller.VKController#getVKPosts(int, int)
2024-06-19T21:25:13.242+11:00 DEBUG 4672 --- [http-nio-8080-exec-1] o.s.web.servlet.DispatcherServlet        : Completed 200 OK
2024-06-19T21:25:13.248+11:00 DEBUG 4672 --- [http-nio-8080-exec-3] m.m.a.RequestResponseBodyMethodProcessor : Using 'application/json', given [application/json, text/plain, */*] and supported [application/json, application/*+json]
2024-06-19T21:25:13.248+11:00 DEBUG 4672 --- [http-nio-8080-exec-3] m.m.a.RequestResponseBodyMethodProcessor : Writing [com.korsakov.cityapp.model.VKPostResponse@6e4071d2]
2024-06-19T21:25:13.255+11:00 DEBUG 4672 --- [http-nio-8080-exec-3] o.s.web.servlet.DispatcherServlet        : Completed 200 OK
2024-06-19T21:25:21.692+11:00 DEBUG 4672 --- [http-nio-8080-exec-2] o.s.web.servlet.DispatcherServlet        : GET "/api/vk-posts?offset=0&count=10", parameters={masked}
2024-06-19T21:25:21.693+11:00 DEBUG 4672 --- [http-nio-8080-exec-2] s.w.s.m.m.a.RequestMappingHandlerMapping : Mapped to com.korsakov.cityapp.controller.VKController#getVKPosts(int, int)
2024-06-19T21:25:21.714+11:00 DEBUG 4672 --- [http-nio-8080-exec-2] m.m.a.RequestResponseBodyMethodProcessor : Using 'application/json', given [application/json, text/plain, */*] and supported [application/json, application/*+json]
2024-06-19T21:25:21.714+11:00 DEBUG 4672 --- [http-nio-8080-exec-2] m.m.a.RequestResponseBodyMethodProcessor : Writing [com.korsakov.cityapp.model.VKPostResponse@625a4d4a]
2024-06-19T21:25:21.716+11:00 DEBUG 4672 --- [http-nio-8080-exec-4] o.s.web.servlet.DispatcherServlet        : GET "/api/vk-posts?offset=0&count=10", parameters={masked}
2024-06-19T21:25:21.717+11:00 DEBUG 4672 --- [http-nio-8080-exec-2] o.s.web.servlet.DispatcherServlet        : Completed 200 OK
2024-06-19T21:25:21.717+11:00 DEBUG 4672 --- [http-nio-8080-exec-4] s.w.s.m.m.a.RequestMappingHandlerMapping : Mapped to com.korsakov.cityapp.controller.VKController#getVKPosts(int, int)
2024-06-19T21:25:21.724+11:00 DEBUG 4672 --- [http-nio-8080-exec-4] m.m.a.RequestResponseBodyMethodProcessor : Using 'application/json', given [application/json, text/plain, */*] and supported [application/json, application/*+json]
2024-06-19T21:25:21.724+11:00 DEBUG 4672 --- [http-nio-8080-exec-4] m.m.a.RequestResponseBodyMethodProcessor : Writing [com.korsakov.cityapp.model.VKPostResponse@2e909869]
2024-06-19T21:25:21.727+11:00 DEBUG 4672 --- [http-nio-8080-exec-4] o.s.web.servlet.DispatcherServlet        : Completed 200 OK
2024-06-19T21:29:08.709+11:00 DEBUG 4672 --- [http-nio-8080-exec-7] o.s.web.servlet.DispatcherServlet        : GET "/api/news?country=ru", parameters={masked}
2024-06-19T21:29:08.710+11:00 DEBUG 4672 --- [http-nio-8080-exec-7] s.w.s.m.m.a.RequestMappingHandlerMapping : Mapped to com.korsakov.cityapp.controller.NewsController#getNews(String)
2024-06-19T21:29:08.842+11:00 DEBUG 4672 --- [http-nio-8080-exec-7] o.s.web.client.RestTemplate              : HTTP GET https://newsapi.org/v2/top-headlines?country=ru&apiKey=4351271881b7486eb64342d4f4556071
2024-06-19T21:29:08.853+11:00 DEBUG 4672 --- [http-nio-8080-exec-7] o.s.web.client.RestTemplate              : Accept=[application/json, application/*+json]
2024-06-19T21:29:10.290+11:00 DEBUG 4672 --- [http-nio-8080-exec-7] o.s.web.client.RestTemplate              : Response 200 OK
2024-06-19T21:29:10.291+11:00 DEBUG 4672 --- [http-nio-8080-exec-7] o.s.web.client.RestTemplate              : Reading to [com.korsakov.cityapp.model.NewsResponse]
2024-06-19T21:29:10.352+11:00  INFO 4672 --- [http-nio-8080-exec-7] c.korsakov.cityapp.service.NewsService   : Image URL: null
2024-06-19T21:29:10.353+11:00  INFO 4672 --- [http-nio-8080-exec-7] c.korsakov.cityapp.service.NewsService   : Image URL: null
2024-06-19T21:29:10.353+11:00  INFO 4672 --- [http-nio-8080-exec-7] c.korsakov.cityapp.service.NewsService   : Image URL: null
2024-06-19T21:29:10.353+11:00  INFO 4672 --- [http-nio-8080-exec-7] c.korsakov.cityapp.service.NewsService   : Image URL: null
2024-06-19T21:29:10.353+11:00  INFO 4672 --- [http-nio-8080-exec-7] c.korsakov.cityapp.service.NewsService   : Image URL: null
2024-06-19T21:29:10.353+11:00  INFO 4672 --- [http-nio-8080-exec-7] c.korsakov.cityapp.service.NewsService   : Image URL: null
2024-06-19T21:29:10.353+11:00  INFO 4672 --- [http-nio-8080-exec-7] c.korsakov.cityapp.service.NewsService   : Image URL: null
2024-06-19T21:29:10.353+11:00  INFO 4672 --- [http-nio-8080-exec-7] c.korsakov.cityapp.service.NewsService   : Image URL: null
2024-06-19T21:29:10.353+11:00  INFO 4672 --- [http-nio-8080-exec-7] c.korsakov.cityapp.service.NewsService   : Image URL: null
2024-06-19T21:29:10.353+11:00  INFO 4672 --- [http-nio-8080-exec-7] c.korsakov.cityapp.service.NewsService   : Image URL: null
2024-06-19T21:29:10.353+11:00  INFO 4672 --- [http-nio-8080-exec-7] c.korsakov.cityapp.service.NewsService   : Image URL: null
2024-06-19T21:29:10.353+11:00  INFO 4672 --- [http-nio-8080-exec-7] c.korsakov.cityapp.service.NewsService   : Image URL: null
2024-06-19T21:29:10.353+11:00  INFO 4672 --- [http-nio-8080-exec-7] c.korsakov.cityapp.service.NewsService   : Image URL: null
2024-06-19T21:29:10.353+11:00  INFO 4672 --- [http-nio-8080-exec-7] c.korsakov.cityapp.service.NewsService   : Image URL: null
2024-06-19T21:29:10.354+11:00  INFO 4672 --- [http-nio-8080-exec-7] c.korsakov.cityapp.service.NewsService   : Image URL: null
2024-06-19T21:29:10.354+11:00  INFO 4672 --- [http-nio-8080-exec-7] c.korsakov.cityapp.service.NewsService   : Image URL: null
2024-06-19T21:29:10.354+11:00  INFO 4672 --- [http-nio-8080-exec-7] c.korsakov.cityapp.service.NewsService   : Image URL: null
2024-06-19T21:29:10.354+11:00  INFO 4672 --- [http-nio-8080-exec-7] c.korsakov.cityapp.service.NewsService   : Image URL: null
2024-06-19T21:29:10.354+11:00  INFO 4672 --- [http-nio-8080-exec-7] c.korsakov.cityapp.service.NewsService   : Image URL: null
2024-06-19T21:29:10.354+11:00  INFO 4672 --- [http-nio-8080-exec-7] c.korsakov.cityapp.service.NewsService   : Image URL: null
2024-06-19T21:29:10.357+11:00 DEBUG 4672 --- [http-nio-8080-exec-7] o.s.w.s.m.m.a.HttpEntityMethodProcessor  : Using 'application/json', given [application/json, text/plain, */*] and supported [application/json, application/*+json]
2024-06-19T21:29:10.359+11:00 DEBUG 4672 --- [http-nio-8080-exec-7] o.s.w.s.m.m.a.HttpEntityMethodProcessor  : Writing [NewsResponse(status=ok, totalResults=34, articles=[NewsArticle(title=Хидетака Миядзаки о возможных с (truncated)...]
2024-06-19T21:29:10.362+11:00 DEBUG 4672 --- [http-nio-8080-exec-7] o.s.web.servlet.DispatcherServlet        : Completed 200 OK
2024-06-19T21:29:10.364+11:00 DEBUG 4672 --- [http-nio-8080-exec-8] o.s.web.servlet.DispatcherServlet        : GET "/api/news?country=ru", parameters={masked}
2024-06-19T21:29:10.365+11:00 DEBUG 4672 --- [http-nio-8080-exec-8] s.w.s.m.m.a.RequestMappingHandlerMapping : Mapped to com.korsakov.cityapp.controller.NewsController#getNews(String)
2024-06-19T21:29:10.366+11:00 DEBUG 4672 --- [http-nio-8080-exec-8] o.s.web.client.RestTemplate              : HTTP GET https://newsapi.org/v2/top-headlines?country=ru&apiKey=4351271881b7486eb64342d4f4556071
2024-06-19T21:29:10.366+11:00 DEBUG 4672 --- [http-nio-8080-exec-8] o.s.web.client.RestTemplate              : Accept=[application/json, application/*+json]
2024-06-19T21:29:10.702+11:00 DEBUG 4672 --- [http-nio-8080-exec-8] o.s.web.client.RestTemplate              : Response 200 OK
2024-06-19T21:29:10.703+11:00 DEBUG 4672 --- [http-nio-8080-exec-8] o.s.web.client.RestTemplate              : Reading to [com.korsakov.cityapp.model.NewsResponse]
2024-06-19T21:29:10.711+11:00  INFO 4672 --- [http-nio-8080-exec-8] c.korsakov.cityapp.service.NewsService   : Image URL: null
2024-06-19T21:29:10.711+11:00  INFO 4672 --- [http-nio-8080-exec-8] c.korsakov.cityapp.service.NewsService   : Image URL: null
2024-06-19T21:29:10.711+11:00  INFO 4672 --- [http-nio-8080-exec-8] c.korsakov.cityapp.service.NewsService   : Image URL: null
2024-06-19T21:29:10.711+11:00  INFO 4672 --- [http-nio-8080-exec-8] c.korsakov.cityapp.service.NewsService   : Image URL: null
2024-06-19T21:29:10.712+11:00  INFO 4672 --- [http-nio-8080-exec-8] c.korsakov.cityapp.service.NewsService   : Image URL: null
2024-06-19T21:29:10.712+11:00  INFO 4672 --- [http-nio-8080-exec-8] c.korsakov.cityapp.service.NewsService   : Image URL: null
2024-06-19T21:29:10.712+11:00  INFO 4672 --- [http-nio-8080-exec-8] c.korsakov.cityapp.service.NewsService   : Image URL: null
2024-06-19T21:29:10.712+11:00  INFO 4672 --- [http-nio-8080-exec-8] c.korsakov.cityapp.service.NewsService   : Image URL: null
2024-06-19T21:29:10.712+11:00  INFO 4672 --- [http-nio-8080-exec-8] c.korsakov.cityapp.service.NewsService   : Image URL: null
2024-06-19T21:29:10.712+11:00  INFO 4672 --- [http-nio-8080-exec-8] c.korsakov.cityapp.service.NewsService   : Image URL: null
2024-06-19T21:29:10.713+11:00  INFO 4672 --- [http-nio-8080-exec-8] c.korsakov.cityapp.service.NewsService   : Image URL: null
2024-06-19T21:29:10.713+11:00  INFO 4672 --- [http-nio-8080-exec-8] c.korsakov.cityapp.service.NewsService   : Image URL: null
2024-06-19T21:29:10.713+11:00  INFO 4672 --- [http-nio-8080-exec-8] c.korsakov.cityapp.service.NewsService   : Image URL: null
2024-06-19T21:29:10.713+11:00  INFO 4672 --- [http-nio-8080-exec-8] c.korsakov.cityapp.service.NewsService   : Image URL: null
2024-06-19T21:29:10.713+11:00  INFO 4672 --- [http-nio-8080-exec-8] c.korsakov.cityapp.service.NewsService   : Image URL: null
2024-06-19T21:29:10.714+11:00  INFO 4672 --- [http-nio-8080-exec-8] c.korsakov.cityapp.service.NewsService   : Image URL: null
2024-06-19T21:29:10.714+11:00  INFO 4672 --- [http-nio-8080-exec-8] c.korsakov.cityapp.service.NewsService   : Image URL: null
2024-06-19T21:29:10.714+11:00  INFO 4672 --- [http-nio-8080-exec-8] c.korsakov.cityapp.service.NewsService   : Image URL: null
2024-06-19T21:29:10.714+11:00  INFO 4672 --- [http-nio-8080-exec-8] c.korsakov.cityapp.service.NewsService   : Image URL: null
2024-06-19T21:29:10.714+11:00  INFO 4672 --- [http-nio-8080-exec-8] c.korsakov.cityapp.service.NewsService   : Image URL: null
2024-06-19T21:29:10.716+11:00 DEBUG 4672 --- [http-nio-8080-exec-8] o.s.w.s.m.m.a.HttpEntityMethodProcessor  : Using 'application/json', given [application/json, text/plain, */*] and supported [application/json, application/*+json]
2024-06-19T21:29:10.716+11:00 DEBUG 4672 --- [http-nio-8080-exec-8] o.s.w.s.m.m.a.HttpEntityMethodProcessor  : Writing [NewsResponse(status=ok, totalResults=34, articles=[NewsArticle(title=Хидетака Миядзаки о возможных с (truncated)...]
2024-06-19T21:29:10.719+11:00 DEBUG 4672 --- [http-nio-8080-exec-8] o.s.web.servlet.DispatcherServlet        : Completed 200 OK
2024-06-19T21:29:13.207+11:00 DEBUG 4672 --- [http-nio-8080-exec-6] o.s.web.servlet.DispatcherServlet        : GET "/api/vk-posts?offset=0&count=10", parameters={masked}
2024-06-19T21:29:13.208+11:00 DEBUG 4672 --- [http-nio-8080-exec-6] s.w.s.m.m.a.RequestMappingHandlerMapping : Mapped to com.korsakov.cityapp.controller.VKController#getVKPosts(int, int)
2024-06-19T21:29:13.218+11:00 DEBUG 4672 --- [http-nio-8080-exec-6] m.m.a.RequestResponseBodyMethodProcessor : Using 'application/json', given [application/json, text/plain, */*] and supported [application/json, application/*+json]
2024-06-19T21:29:13.218+11:00 DEBUG 4672 --- [http-nio-8080-exec-6] m.m.a.RequestResponseBodyMethodProcessor : Writing [com.korsakov.cityapp.model.VKPostResponse@76687ceb]
2024-06-19T21:29:13.223+11:00 DEBUG 4672 --- [http-nio-8080-exec-10] o.s.web.servlet.DispatcherServlet        : GET "/api/vk-posts?offset=0&count=10", parameters={masked}
2024-06-19T21:29:13.224+11:00 DEBUG 4672 --- [http-nio-8080-exec-10] s.w.s.m.m.a.RequestMappingHandlerMapping : Mapped to com.korsakov.cityapp.controller.VKController#getVKPosts(int, int)
2024-06-19T21:29:13.224+11:00 DEBUG 4672 --- [http-nio-8080-exec-6] o.s.web.servlet.DispatcherServlet        : Completed 200 OK
2024-06-19T21:29:13.231+11:00 DEBUG 4672 --- [http-nio-8080-exec-10] m.m.a.RequestResponseBodyMethodProcessor : Using 'application/json', given [application/json, text/plain, */*] and supported [application/json, application/*+json]
2024-06-19T21:29:13.231+11:00 DEBUG 4672 --- [http-nio-8080-exec-10] m.m.a.RequestResponseBodyMethodProcessor : Writing [com.korsakov.cityapp.model.VKPostResponse@886f93a]
2024-06-19T21:29:13.235+11:00 DEBUG 4672 --- [http-nio-8080-exec-10] o.s.web.servlet.DispatcherServlet        : Completed 200 OK
2024-06-19T21:29:16.376+11:00 DEBUG 4672 --- [http-nio-8080-exec-1] o.s.web.servlet.DispatcherServlet        : GET "/api/news?country=ru", parameters={masked}
2024-06-19T21:29:16.376+11:00 DEBUG 4672 --- [http-nio-8080-exec-1] s.w.s.m.m.a.RequestMappingHandlerMapping : Mapped to com.korsakov.cityapp.controller.NewsController#getNews(String)
2024-06-19T21:29:16.378+11:00 DEBUG 4672 --- [http-nio-8080-exec-1] o.s.web.client.RestTemplate              : HTTP GET https://newsapi.org/v2/top-headlines?country=ru&apiKey=4351271881b7486eb64342d4f4556071
2024-06-19T21:29:16.379+11:00 DEBUG 4672 --- [http-nio-8080-exec-1] o.s.web.client.RestTemplate              : Accept=[application/json, application/*+json]
2024-06-19T21:29:16.821+11:00 DEBUG 4672 --- [http-nio-8080-exec-3] o.s.web.servlet.DispatcherServlet        : GET "/api/vk-posts?offset=0&count=10", parameters={masked}
2024-06-19T21:29:16.821+11:00 DEBUG 4672 --- [http-nio-8080-exec-3] s.w.s.m.m.a.RequestMappingHandlerMapping : Mapped to com.korsakov.cityapp.controller.VKController#getVKPosts(int, int)
2024-06-19T21:29:16.829+11:00 DEBUG 4672 --- [http-nio-8080-exec-3] m.m.a.RequestResponseBodyMethodProcessor : Using 'application/json', given [application/json, text/plain, */*] and supported [application/json, application/*+json]
2024-06-19T21:29:16.829+11:00 DEBUG 4672 --- [http-nio-8080-exec-3] m.m.a.RequestResponseBodyMethodProcessor : Writing [com.korsakov.cityapp.model.VKPostResponse@6087826a]
2024-06-19T21:29:16.833+11:00 DEBUG 4672 --- [http-nio-8080-exec-3] o.s.web.servlet.DispatcherServlet        : Completed 200 OK
2024-06-19T21:29:16.833+11:00 DEBUG 4672 --- [http-nio-8080-exec-2] o.s.web.servlet.DispatcherServlet        : GET "/api/vk-posts?offset=0&count=10", parameters={masked}
2024-06-19T21:29:16.834+11:00 DEBUG 4672 --- [http-nio-8080-exec-2] s.w.s.m.m.a.RequestMappingHandlerMapping : Mapped to com.korsakov.cityapp.controller.VKController#getVKPosts(int, int)
2024-06-19T21:29:16.845+11:00 DEBUG 4672 --- [http-nio-8080-exec-2] m.m.a.RequestResponseBodyMethodProcessor : Using 'application/json', given [application/json, text/plain, */*] and supported [application/json, application/*+json]
2024-06-19T21:29:16.845+11:00 DEBUG 4672 --- [http-nio-8080-exec-2] m.m.a.RequestResponseBodyMethodProcessor : Writing [com.korsakov.cityapp.model.VKPostResponse@6c9dbf71]
2024-06-19T21:29:16.848+11:00 DEBUG 4672 --- [http-nio-8080-exec-2] o.s.web.servlet.DispatcherServlet        : Completed 200 OK
2024-06-19T21:29:17.670+11:00 DEBUG 4672 --- [http-nio-8080-exec-1] o.s.web.client.RestTemplate              : Response 200 OK
2024-06-19T21:29:17.670+11:00 DEBUG 4672 --- [http-nio-8080-exec-1] o.s.web.client.RestTemplate              : Reading to [com.korsakov.cityapp.model.NewsResponse]
2024-06-19T21:29:17.672+11:00  INFO 4672 --- [http-nio-8080-exec-1] c.korsakov.cityapp.service.NewsService   : Image URL: null
2024-06-19T21:29:17.673+11:00  INFO 4672 --- [http-nio-8080-exec-1] c.korsakov.cityapp.service.NewsService   : Image URL: null
2024-06-19T21:29:17.673+11:00  INFO 4672 --- [http-nio-8080-exec-1] c.korsakov.cityapp.service.NewsService   : Image URL: null
2024-06-19T21:29:17.673+11:00  INFO 4672 --- [http-nio-8080-exec-1] c.korsakov.cityapp.service.NewsService   : Image URL: null
2024-06-19T21:29:17.673+11:00  INFO 4672 --- [http-nio-8080-exec-1] c.korsakov.cityapp.service.NewsService   : Image URL: null
2024-06-19T21:29:17.673+11:00  INFO 4672 --- [http-nio-8080-exec-1] c.korsakov.cityapp.service.NewsService   : Image URL: null
2024-06-19T21:29:17.673+11:00  INFO 4672 --- [http-nio-8080-exec-1] c.korsakov.cityapp.service.NewsService   : Image URL: null
2024-06-19T21:29:17.674+11:00  INFO 4672 --- [http-nio-8080-exec-1] c.korsakov.cityapp.service.NewsService   : Image URL: null
2024-06-19T21:29:17.674+11:00  INFO 4672 --- [http-nio-8080-exec-1] c.korsakov.cityapp.service.NewsService   : Image URL: null
2024-06-19T21:29:17.674+11:00  INFO 4672 --- [http-nio-8080-exec-1] c.korsakov.cityapp.service.NewsService   : Image URL: null
2024-06-19T21:29:17.674+11:00  INFO 4672 --- [http-nio-8080-exec-1] c.korsakov.cityapp.service.NewsService   : Image URL: null
2024-06-19T21:29:17.674+11:00  INFO 4672 --- [http-nio-8080-exec-1] c.korsakov.cityapp.service.NewsService   : Image URL: null
2024-06-19T21:29:17.674+11:00  INFO 4672 --- [http-nio-8080-exec-1] c.korsakov.cityapp.service.NewsService   : Image URL: null
2024-06-19T21:29:17.674+11:00  INFO 4672 --- [http-nio-8080-exec-1] c.korsakov.cityapp.service.NewsService   : Image URL: null
2024-06-19T21:29:17.674+11:00  INFO 4672 --- [http-nio-8080-exec-1] c.korsakov.cityapp.service.NewsService   : Image URL: null
2024-06-19T21:29:17.674+11:00  INFO 4672 --- [http-nio-8080-exec-1] c.korsakov.cityapp.service.NewsService   : Image URL: null
2024-06-19T21:29:17.674+11:00  INFO 4672 --- [http-nio-8080-exec-1] c.korsakov.cityapp.service.NewsService   : Image URL: null
2024-06-19T21:29:17.674+11:00  INFO 4672 --- [http-nio-8080-exec-1] c.korsakov.cityapp.service.NewsService   : Image URL: null
2024-06-19T21:29:17.674+11:00  INFO 4672 --- [http-nio-8080-exec-1] c.korsakov.cityapp.service.NewsService   : Image URL: null
2024-06-19T21:29:17.674+11:00  INFO 4672 --- [http-nio-8080-exec-1] c.korsakov.cityapp.service.NewsService   : Image URL: null
2024-06-19T21:29:17.675+11:00 DEBUG 4672 --- [http-nio-8080-exec-1] o.s.w.s.m.m.a.HttpEntityMethodProcessor  : Using 'application/json', given [application/json, text/plain, */*] and supported [application/json, application/*+json]
2024-06-19T21:29:17.675+11:00 DEBUG 4672 --- [http-nio-8080-exec-1] o.s.w.s.m.m.a.HttpEntityMethodProcessor  : Writing [NewsResponse(status=ok, totalResults=34, articles=[NewsArticle(title=Хидетака Миядзаки о возможных с (truncated)...]
2024-06-19T21:29:17.676+11:00 DEBUG 4672 --- [http-nio-8080-exec-1] o.s.web.servlet.DispatcherServlet        : Completed 200 OK
2024-06-19T21:29:17.677+11:00 DEBUG 4672 --- [http-nio-8080-exec-4] o.s.web.servlet.DispatcherServlet        : GET "/api/news?country=ru", parameters={masked}
2024-06-19T21:29:17.677+11:00 DEBUG 4672 --- [http-nio-8080-exec-4] s.w.s.m.m.a.RequestMappingHandlerMapping : Mapped to com.korsakov.cityapp.controller.NewsController#getNews(String)
2024-06-19T21:29:17.678+11:00 DEBUG 4672 --- [http-nio-8080-exec-4] o.s.web.client.RestTemplate              : HTTP GET https://newsapi.org/v2/top-headlines?country=ru&apiKey=4351271881b7486eb64342d4f4556071
2024-06-19T21:29:17.679+11:00 DEBUG 4672 --- [http-nio-8080-exec-4] o.s.web.client.RestTemplate              : Accept=[application/json, application/*+json]
2024-06-19T21:29:17.995+11:00 DEBUG 4672 --- [http-nio-8080-exec-4] o.s.web.client.RestTemplate              : Response 200 OK
2024-06-19T21:29:17.996+11:00 DEBUG 4672 --- [http-nio-8080-exec-4] o.s.web.client.RestTemplate              : Reading to [com.korsakov.cityapp.model.NewsResponse]
2024-06-19T21:29:18.004+11:00  INFO 4672 --- [http-nio-8080-exec-4] c.korsakov.cityapp.service.NewsService   : Image URL: null
2024-06-19T21:29:18.005+11:00  INFO 4672 --- [http-nio-8080-exec-4] c.korsakov.cityapp.service.NewsService   : Image URL: null
2024-06-19T21:29:18.005+11:00  INFO 4672 --- [http-nio-8080-exec-4] c.korsakov.cityapp.service.NewsService   : Image URL: null
2024-06-19T21:29:18.005+11:00  INFO 4672 --- [http-nio-8080-exec-4] c.korsakov.cityapp.service.NewsService   : Image URL: null
2024-06-19T21:29:18.005+11:00  INFO 4672 --- [http-nio-8080-exec-4] c.korsakov.cityapp.service.NewsService   : Image URL: null
2024-06-19T21:29:18.005+11:00  INFO 4672 --- [http-nio-8080-exec-4] c.korsakov.cityapp.service.NewsService   : Image URL: null
2024-06-19T21:29:18.005+11:00  INFO 4672 --- [http-nio-8080-exec-4] c.korsakov.cityapp.service.NewsService   : Image URL: null
2024-06-19T21:29:18.005+11:00  INFO 4672 --- [http-nio-8080-exec-4] c.korsakov.cityapp.service.NewsService   : Image URL: null
2024-06-19T21:29:18.005+11:00  INFO 4672 --- [http-nio-8080-exec-4] c.korsakov.cityapp.service.NewsService   : Image URL: null
2024-06-19T21:29:18.005+11:00  INFO 4672 --- [http-nio-8080-exec-4] c.korsakov.cityapp.service.NewsService   : Image URL: null
2024-06-19T21:29:18.005+11:00  INFO 4672 --- [http-nio-8080-exec-4] c.korsakov.cityapp.service.NewsService   : Image URL: null
2024-06-19T21:29:18.005+11:00  INFO 4672 --- [http-nio-8080-exec-4] c.korsakov.cityapp.service.NewsService   : Image URL: null
2024-06-19T21:29:18.005+11:00  INFO 4672 --- [http-nio-8080-exec-4] c.korsakov.cityapp.service.NewsService   : Image URL: null
2024-06-19T21:29:18.006+11:00  INFO 4672 --- [http-nio-8080-exec-4] c.korsakov.cityapp.service.NewsService   : Image URL: null
2024-06-19T21:29:18.006+11:00  INFO 4672 --- [http-nio-8080-exec-4] c.korsakov.cityapp.service.NewsService   : Image URL: null
2024-06-19T21:29:18.006+11:00  INFO 4672 --- [http-nio-8080-exec-4] c.korsakov.cityapp.service.NewsService   : Image URL: null
2024-06-19T21:29:18.006+11:00  INFO 4672 --- [http-nio-8080-exec-4] c.korsakov.cityapp.service.NewsService   : Image URL: null
2024-06-19T21:29:18.006+11:00  INFO 4672 --- [http-nio-8080-exec-4] c.korsakov.cityapp.service.NewsService   : Image URL: null
2024-06-19T21:29:18.006+11:00  INFO 4672 --- [http-nio-8080-exec-4] c.korsakov.cityapp.service.NewsService   : Image URL: null
2024-06-19T21:29:18.006+11:00  INFO 4672 --- [http-nio-8080-exec-4] c.korsakov.cityapp.service.NewsService   : Image URL: null
2024-06-19T21:29:18.007+11:00 DEBUG 4672 --- [http-nio-8080-exec-4] o.s.w.s.m.m.a.HttpEntityMethodProcessor  : Using 'application/json', given [application/json, text/plain, */*] and supported [application/json, application/*+json]
2024-06-19T21:29:18.007+11:00 DEBUG 4672 --- [http-nio-8080-exec-4] o.s.w.s.m.m.a.HttpEntityMethodProcessor  : Writing [NewsResponse(status=ok, totalResults=34, articles=[NewsArticle(title=Хидетака Миядзаки о возможных с (truncated)...]
2024-06-19T21:29:18.009+11:00 DEBUG 4672 --- [http-nio-8080-exec-4] o.s.web.servlet.DispatcherServlet        : Completed 200 OK
2024-06-19T21:29:18.900+11:00 DEBUG 4672 --- [http-nio-8080-exec-5] o.s.web.servlet.DispatcherServlet        : GET "/api/vk-posts?offset=0&count=10", parameters={masked}
2024-06-19T21:29:18.901+11:00 DEBUG 4672 --- [http-nio-8080-exec-5] s.w.s.m.m.a.RequestMappingHandlerMapping : Mapped to com.korsakov.cityapp.controller.VKController#getVKPosts(int, int)
2024-06-19T21:29:18.908+11:00 DEBUG 4672 --- [http-nio-8080-exec-5] m.m.a.RequestResponseBodyMethodProcessor : Using 'application/json', given [application/json, text/plain, */*] and supported [application/json, application/*+json]
2024-06-19T21:29:18.908+11:00 DEBUG 4672 --- [http-nio-8080-exec-5] m.m.a.RequestResponseBodyMethodProcessor : Writing [com.korsakov.cityapp.model.VKPostResponse@b66c00e]
2024-06-19T21:29:18.911+11:00 DEBUG 4672 --- [http-nio-8080-exec-5] o.s.web.servlet.DispatcherServlet        : Completed 200 OK
2024-06-19T21:29:18.911+11:00 DEBUG 4672 --- [http-nio-8080-exec-9] o.s.web.servlet.DispatcherServlet        : GET "/api/vk-posts?offset=0&count=10", parameters={masked}
2024-06-19T21:29:18.912+11:00 DEBUG 4672 --- [http-nio-8080-exec-9] s.w.s.m.m.a.RequestMappingHandlerMapping : Mapped to com.korsakov.cityapp.controller.VKController#getVKPosts(int, int)
2024-06-19T21:29:18.920+11:00 DEBUG 4672 --- [http-nio-8080-exec-9] m.m.a.RequestResponseBodyMethodProcessor : Using 'application/json', given [application/json, text/plain, */*] and supported [application/json, application/*+json]
2024-06-19T21:29:18.921+11:00 DEBUG 4672 --- [http-nio-8080-exec-9] m.m.a.RequestResponseBodyMethodProcessor : Writing [com.korsakov.cityapp.model.VKPostResponse@2e01a616]
2024-06-19T21:29:18.924+11:00 DEBUG 4672 --- [http-nio-8080-exec-9] o.s.web.servlet.DispatcherServlet        : Completed 200 OK
2024-06-19T21:29:24.939+11:00 DEBUG 4672 --- [http-nio-8080-exec-7] o.s.web.servlet.DispatcherServlet        : GET "/api/weather?city=%D0%9A%D0%BE%D1%80%D1%81%D0%B0%D0%BA%D0%BE%D0%B2&lang=ru", parameters={masked}
2024-06-19T21:29:24.939+11:00 DEBUG 4672 --- [http-nio-8080-exec-7] s.w.s.m.m.a.RequestMappingHandlerMapping : Mapped to com.korsakov.cityapp.controller.WeatherController#getWeather(String, String)
2024-06-19T21:29:24.941+11:00  INFO 4672 --- [http-nio-8080-exec-7] c.k.cityapp.service.WeatherService       : Request URL: http://api.openweathermap.org/data/2.5/weather?q=Корсаков&appid=7a559dc2de6586e1e78048e82299684b&units=metric&lang=ru
2024-06-19T21:29:24.942+11:00 DEBUG 4672 --- [http-nio-8080-exec-7] o.s.web.client.RestTemplate              : HTTP GET http://api.openweathermap.org/data/2.5/weather?q=%D0%9A%D0%BE%D1%80%D1%81%D0%B0%D0%BA%D0%BE%D0%B2&appid=7a559dc2de6586e1e78048e82299684b&units=metric&lang=ru
2024-06-19T21:29:24.947+11:00 DEBUG 4672 --- [http-nio-8080-exec-7] o.s.web.client.RestTemplate              : Accept=[application/json, application/*+json]
2024-06-19T21:29:25.640+11:00 DEBUG 4672 --- [http-nio-8080-exec-7] o.s.web.client.RestTemplate              : Response 200 OK
2024-06-19T21:29:25.641+11:00 DEBUG 4672 --- [http-nio-8080-exec-7] o.s.web.client.RestTemplate              : Reading to [com.korsakov.cityapp.model.WeatherResponse]
2024-06-19T21:29:25.679+11:00 DEBUG 4672 --- [http-nio-8080-exec-7] o.s.w.s.m.m.a.HttpEntityMethodProcessor  : Using 'application/json', given [application/json, text/plain, */*] and supported [application/json, application/*+json]
2024-06-19T21:29:25.685+11:00 DEBUG 4672 --- [http-nio-8080-exec-7] o.s.w.s.m.m.a.HttpEntityMethodProcessor  : Writing [WeatherResponse(cod=200, name=Корсаков, main=WeatherResponse.Main(temp=13.91, pressure=1008, humidit (truncated)...]
2024-06-19T21:29:25.687+11:00 DEBUG 4672 --- [http-nio-8080-exec-7] o.s.web.servlet.DispatcherServlet        : Completed 200 OK
2024-06-19T21:29:26.131+11:00 DEBUG 4672 --- [http-nio-8080-exec-8] o.s.web.servlet.DispatcherServlet        : GET "/api/weather/forecast?city=%D0%9A%D0%BE%D1%80%D1%81%D0%B0%D0%BA%D0%BE%D0%B2&lang=ru", parameters={masked}
2024-06-19T21:29:26.132+11:00 DEBUG 4672 --- [http-nio-8080-exec-8] s.w.s.m.m.a.RequestMappingHandlerMapping : Mapped to com.korsakov.cityapp.controller.WeatherController#getForecast(String, String)
2024-06-19T21:29:26.134+11:00  INFO 4672 --- [http-nio-8080-exec-8] c.k.cityapp.service.WeatherService       : Request URL: http://api.openweathermap.org/data/2.5/forecast?q=Корсаков&appid=7a559dc2de6586e1e78048e82299684b&units=metric&lang=ru
2024-06-19T21:29:26.135+11:00 DEBUG 4672 --- [http-nio-8080-exec-8] o.s.web.client.RestTemplate              : HTTP GET http://api.openweathermap.org/data/2.5/forecast?q=%D0%9A%D0%BE%D1%80%D1%81%D0%B0%D0%BA%D0%BE%D0%B2&appid=7a559dc2de6586e1e78048e82299684b&units=metric&lang=ru
2024-06-19T21:29:26.139+11:00 DEBUG 4672 --- [http-nio-8080-exec-8] o.s.web.client.RestTemplate              : Accept=[application/json, application/*+json]
2024-06-19T21:29:26.521+11:00 DEBUG 4672 --- [http-nio-8080-exec-8] o.s.web.client.RestTemplate              : Response 200 OK
2024-06-19T21:29:26.521+11:00 DEBUG 4672 --- [http-nio-8080-exec-8] o.s.web.client.RestTemplate              : Reading to [com.korsakov.cityapp.model.ForecastResponse]
2024-06-19T21:29:26.629+11:00 DEBUG 4672 --- [http-nio-8080-exec-8] o.s.w.s.m.m.a.HttpEntityMethodProcessor  : Using 'application/json', given [application/json, text/plain, */*] and supported [application/json, application/*+json]
2024-06-19T21:29:26.634+11:00 DEBUG 4672 --- [http-nio-8080-exec-8] o.s.w.s.m.m.a.HttpEntityMethodProcessor  : Writing [ForecastResponse(cod=200, message=0, cnt=40, list=[ForecastResponse.Forecast(main=ForecastResponse.F (truncated)...]
2024-06-19T21:29:26.638+11:00 DEBUG 4672 --- [http-nio-8080-exec-8] o.s.web.servlet.DispatcherServlet        : Completed 200 OK
2024-06-19T21:29:27.874+11:00 DEBUG 4672 --- [http-nio-8080-exec-6] o.s.web.servlet.DispatcherServlet        : GET "/api/vk-posts?offset=0&count=10", parameters={masked}
2024-06-19T21:29:27.874+11:00 DEBUG 4672 --- [http-nio-8080-exec-6] s.w.s.m.m.a.RequestMappingHandlerMapping : Mapped to com.korsakov.cityapp.controller.VKController#getVKPosts(int, int)
2024-06-19T21:29:27.882+11:00 DEBUG 4672 --- [http-nio-8080-exec-6] m.m.a.RequestResponseBodyMethodProcessor : Using 'application/json', given [application/json, text/plain, */*] and supported [application/json, application/*+json]
2024-06-19T21:29:27.882+11:00 DEBUG 4672 --- [http-nio-8080-exec-6] m.m.a.RequestResponseBodyMethodProcessor : Writing [com.korsakov.cityapp.model.VKPostResponse@4fba197b]
2024-06-19T21:29:27.885+11:00 DEBUG 4672 --- [http-nio-8080-exec-6] o.s.web.servlet.DispatcherServlet        : Completed 200 OK
2024-06-19T21:29:27.885+11:00 DEBUG 4672 --- [http-nio-8080-exec-10] o.s.web.servlet.DispatcherServlet        : GET "/api/vk-posts?offset=0&count=10", parameters={masked}
2024-06-19T21:29:27.886+11:00 DEBUG 4672 --- [http-nio-8080-exec-10] s.w.s.m.m.a.RequestMappingHandlerMapping : Mapped to com.korsakov.cityapp.controller.VKController#getVKPosts(int, int)
2024-06-19T21:29:27.892+11:00 DEBUG 4672 --- [http-nio-8080-exec-10] m.m.a.RequestResponseBodyMethodProcessor : Using 'application/json', given [application/json, text/plain, */*] and supported [application/json, application/*+json]
2024-06-19T21:29:27.892+11:00 DEBUG 4672 --- [http-nio-8080-exec-10] m.m.a.RequestResponseBodyMethodProcessor : Writing [com.korsakov.cityapp.model.VKPostResponse@641065a]
2024-06-19T21:29:27.895+11:00 DEBUG 4672 --- [http-nio-8080-exec-10] o.s.web.servlet.DispatcherServlet        : Completed 200 OK
2024-06-19T21:43:46.737+11:00  INFO 4672 --- [SpringApplicationShutdownHook] j.LocalContainerEntityManagerFactoryBean : Closing JPA EntityManagerFactory for persistence unit 'default'
2024-06-19T21:43:46.741+11:00  INFO 4672 --- [SpringApplicationShutdownHook] com.zaxxer.hikari.HikariDataSource       : HikariPool-1 - Shutdown initiated...
2024-06-19T21:43:46.763+11:00  INFO 4672 --- [SpringApplicationShutdownHook] com.zaxxer.hikari.HikariDataSource       : HikariPool-1 - Shutdown completed.
